<?xml version="1.0" encoding="UTF-8"?>
<!-- Generated by org.testng.reporters.JUnitReportReporter -->
<testsuite hostname="DESKTOP-6I31IJP" failures="0" tests="1" name="com.cleartrip.qa.testcases.LoginTest" time="19.541" errors="0" timestamp="19 Feb 2019 09:17:54 GMT" skipped="0">
  <testcase classname="com.cleartrip.qa.testcases.LoginTest" name="Login" time="19.541"/>
</testsuite> <!-- com.cleartrip.qa.testcases.LoginTest -->
