<?xml version="1.0" encoding="UTF-8"?>
<!-- Generated by org.testng.reporters.JUnitReportReporter -->
<testsuite skipped="0" hostname="WINDOWS-PEBUS7V" name="com.cleartrip.qa.testcases.LoginTest" tests="1" failures="0" timestamp="23 Feb 2019 18:10:51 GMT" time="23.964" errors="0">
  <testcase name="Login" time="23.964" classname="com.cleartrip.qa.testcases.LoginTest"/>
</testsuite> <!-- com.cleartrip.qa.testcases.LoginTest -->
