<?xml version="1.0" encoding="UTF-8"?>
<!-- Generated by org.testng.reporters.JUnitReportReporter -->
<testsuite skipped="0" hostname="WINDOWS-PEBUS7V" name="com.cleartrip.qa.testcases.SearchFlight_RoundTrip" tests="2" failures="0" timestamp="18 Feb 2019 04:50:20 GMT" time="17.771" errors="0">
  <testcase name="pageTitle" time="9.547" classname="com.cleartrip.qa.testcases.SearchFlight_RoundTrip"/>
  <testcase name="clickRoundTrip" time="8.224" classname="com.cleartrip.qa.testcases.SearchFlight_RoundTrip"/>
</testsuite> <!-- com.cleartrip.qa.testcases.SearchFlight_RoundTrip -->
