<?xml version="1.0" encoding="UTF-8"?>
<!-- Generated by org.testng.reporters.JUnitReportReporter -->
<testsuite hostname="DESKTOP-6I31IJP" failures="0" tests="4" name="com.cleartrip.qa.testcases.SearchFlight_RoundTrip" time="76.526" errors="0" timestamp="18 Feb 2019 10:21:43 GMT" skipped="0">
  <testcase classname="com.cleartrip.qa.testcases.SearchFlight_RoundTrip" name="VerifyLogo" time="34.787"/>
  <testcase classname="com.cleartrip.qa.testcases.SearchFlight_RoundTrip" name="pageTitle" time="14.329"/>
  <testcase classname="com.cleartrip.qa.testcases.SearchFlight_RoundTrip" name="clickRoundTrip" time="12.800"/>
  <testcase classname="com.cleartrip.qa.testcases.SearchFlight_RoundTrip" name="verifySign" time="14.610"/>
</testsuite> <!-- com.cleartrip.qa.testcases.SearchFlight_RoundTrip -->
