<?xml version="1.0" encoding="UTF-8"?>
<!-- Generated by org.testng.reporters.JUnitReportReporter -->
<testsuite skipped="0" hostname="WINDOWS-PEBUS7V" name="com.cleartrip.qa.testcases.SearchFlight_RoundTrip" tests="3" failures="0" timestamp="23 Feb 2019 18:10:51 GMT" time="62.610" errors="0">
  <testcase name="VerifyLogo" time="27.064" classname="com.cleartrip.qa.testcases.SearchFlight_RoundTrip"/>
  <testcase name="pageTitle" time="12.221" classname="com.cleartrip.qa.testcases.SearchFlight_RoundTrip"/>
  <testcase name="clickRoundTrip" time="23.325" classname="com.cleartrip.qa.testcases.SearchFlight_RoundTrip"/>
</testsuite> <!-- com.cleartrip.qa.testcases.SearchFlight_RoundTrip -->
